\BOOKMARK [0][-]{chapter.1}{\376\377\000S\000p\000e\000e\000d\000\040\000a\000n\000d\000\040\000A\000c\000c\000e\000l\000e\000r\000a\000t\000i\000o\000n}{}% 1
\BOOKMARK [1][-]{section.1.1}{\376\377\000W\000a\000r\000m\000\040\000U\000p}{chapter.1}% 2
\BOOKMARK [2][-]{subsection.1.1.1}{\376\377\000P\001\001\000t\000a\000i\000\040\000T\000a\000h\000i\000:\000\040\000W\000h\000o\000\040\000i\000s\000\040\000t\000h\000e\000\040\000f\000a\000s\000t\000e\000s\000t\000?}{section.1.1}% 3
\BOOKMARK [2][-]{subsection.1.1.2}{\376\377\000P\001\001\000t\000a\000i\000\040\000R\000u\000a\000:\000\040\000W\000h\000o\000\040\000i\000s\000\040\000t\000h\000e\000\040\000f\000a\000s\000t\000e\000s\000t\000?}{section.1.1}% 4
\BOOKMARK [2][-]{subsection.1.1.3}{\376\377\000P\001\001\000t\000a\000i\000\040\000T\000o\000r\000u\000:\000\040\000W\000h\000o\000\040\000i\000s\000\040\000t\000h\000e\000\040\000f\000a\000s\000t\000e\000s\000t\000?}{section.1.1}% 5
\BOOKMARK [1][-]{section.1.2}{\376\377\000F\000o\000r\000m\000u\000l\000a\000:\000\040\000A\000v\000e\000r\000a\000g\000e\000\040\000S\000p\000e\000e\000d}{chapter.1}% 6
\BOOKMARK [2][-]{subsection.1.2.1}{\376\377\000W\000h\000a\000t\000\040\000i\000s\000\040\000t\000h\000e\000\040\000U\000n\000i\000t\000?}{section.1.2}% 7
\BOOKMARK [2][-]{subsection.1.2.2}{\376\377\000E\000x\000a\000m\000p\000l\000e\000\040\000/\000\040\000T\000a\000u\000r\000i\000a}{section.1.2}% 8
\BOOKMARK [2][-]{subsection.1.2.3}{\376\377\000P\001\001\000t\000a\000i\000\040\000T\000a\000h\000i\000:\000\040\000U\000n\000i\000t\000\040\000C\000o\000n\000v\000e\000r\000s\000i\000o\000n\000s}{section.1.2}% 9
\BOOKMARK [2][-]{subsection.1.2.4}{\376\377\000P\001\001\000t\000a\000i\000\040\000R\000u\000a\000:\000\040\000V\000e\000l\000o\000c\000i\000t\000y\000\040\000C\000a\000l\000c\000u\000l\000a\000t\000i\000o\000n}{section.1.2}% 10
\BOOKMARK [2][-]{subsection.1.2.5}{\376\377\000P\001\001\000t\000a\000i\000\040\000T\000o\000r\000u\000:\000\040\000R\000u\000n\000n\000i\000n\000g\000\040\000M\000a\000n}{section.1.2}% 11
\BOOKMARK [1][-]{section.1.3}{\376\377\000A\000v\000e\000r\000a\000g\000e\000\040\000v\000s\000\040\000I\000n\000s\000t\000a\000n\000t\000a\000n\000e\000o\000u\000s\000\040\000S\000p\000e\000e\000d}{chapter.1}% 12
\BOOKMARK [1][-]{section.1.4}{\376\377\000F\000o\000r\000m\000u\000l\000a\000:\000\040\000A\000c\000c\000e\000l\000e\000r\000a\000t\000i\000o\000n}{chapter.1}% 13
\BOOKMARK [2][-]{subsection.1.4.1}{\376\377\000W\000h\000a\000t\000\040\000D\000o\000e\000s\000\040\000m\000s\000-\0002\000\040\000M\000e\000a\000n\000?}{section.1.4}% 14
\BOOKMARK [2][-]{subsection.1.4.2}{\376\377\000P\001\001\000t\000a\000i\000:\000\040\000R\000e\000-\000a\000r\000r\000a\000n\000g\000i\000n\000g\000\040\000A\000c\000c\000e\000l\000e\000r\000a\000t\000i\000o\000n}{section.1.4}% 15
\BOOKMARK [1][-]{section.1.5}{\376\377\000F\000o\000r\000m\000u\000l\000a\000:\000\040\000C\000a\000l\000c\000u\000l\000a\000t\000i\000n\000g\000\040\000C\000h\000a\000n\000g\000e\000\040\000\050\000\051}{chapter.1}% 16
\BOOKMARK [2][-]{subsection.1.5.1}{\376\377\000P\001\001\000t\000a\000i\000\040\000W\000h\001\001\000:\000\040\000W\000a\000l\000k\000i\000n\000g}{section.1.5}% 17
\BOOKMARK [2][-]{subsection.1.5.2}{\376\377\000P\001\001\000t\000a\000i\000\040\000R\000i\000m\000u\000:\000\040\000T\000h\000e\000\040\000C\000a\000r}{section.1.5}% 18
\BOOKMARK [2][-]{subsection.1.5.3}{\376\377\000P\001\001\000t\000a\000i\000\040\000O\000n\000o\000:\000\040\000D\000e\000c\000e\000l\000e\000r\000a\000t\000i\000n\000g\000\040\000C\000a\000r}{section.1.5}% 19
\BOOKMARK [0][-]{chapter.2}{\376\377\000V\000e\000c\000t\000o\000r\000s\000\040\000a\000n\000d\000\040\000S\000c\000a\000l\000a\000r\000s}{}% 20
\BOOKMARK [1][-]{section.2.1}{\376\377\000I\000n\000t\000r\000o\000d\000u\000c\000t\000i\000o\000n}{chapter.2}% 21
\BOOKMARK [1][-]{section.2.2}{\376\377\000W\000h\000a\000t\000\040\000i\000s\000\040\000a\000\040\000V\000e\000c\000t\000o\000r\000?}{chapter.2}% 22
\BOOKMARK [2][-]{subsection.2.2.1}{\376\377\000D\000i\000s\000t\000a\000n\000c\000e\000\040\000v\000s\000.\000\040\000D\000i\000s\000p\000l\000a\000c\000e\000m\000e\000n\000t}{section.2.2}% 23
\BOOKMARK [2][-]{subsection.2.2.2}{\376\377\000P\001\001\000t\000a\000i\000\040\000T\000a\000h\000i}{section.2.2}% 24
\BOOKMARK [2][-]{subsection.2.2.3}{\376\377\000P\001\001\000t\000a\000i\000\040\000R\000u\000a\000:\000\040\000S\000c\000a\000l\000a\000r\000\040\000o\000r\000\040\000V\000e\000c\000t\000o\000r}{section.2.2}% 25
\BOOKMARK [2][-]{subsection.2.2.4}{\376\377\000V\000e\000c\000t\000o\000r\000s}{section.2.2}% 26
\BOOKMARK [0][-]{chapter.3}{\376\377\000K\000i\000n\000e\000m\000a\000t\000i\000c\000\040\000E\000q\000u\000a\000t\000i\000o\000n\000s}{}% 27
\BOOKMARK [0][-]{chapter.4}{\376\377\000N\000e\000w\000t\000o\000n\000'\000s\000\040\000L\000a\000w\000s}{}% 28
\BOOKMARK [0][-]{chapter.5}{\376\377\000P\000r\000o\000j\000e\000c\000t\000i\000l\000e\000\040\000M\000o\000t\000i\000o\000n}{}% 29
\BOOKMARK [0][-]{chapter.6}{\376\377\000T\000o\000r\000q\000u\000e\000\040\000a\000n\000d\000\040\000E\000q\000u\000i\000l\000i\000b\000r\000i\000u\000m}{}% 30
\BOOKMARK [0][-]{chapter.7}{\376\377\000C\000i\000r\000c\000u\000l\000a\000r\000\040\000M\000o\000t\000i\000o\000n}{}% 31
\BOOKMARK [0][-]{chapter.8}{\376\377\000M\000o\000m\000e\000n\000t\000u\000m\000\040\000a\000n\000d\000\040\000I\000m\000p\000u\000l\000s\000e}{}% 32
\BOOKMARK [0][-]{chapter.9}{\376\377\000E\000n\000e\000r\000g\000y\000,\000\040\000W\000o\000r\000k\000,\000\040\000a\000n\000d\000\040\000P\000o\000w\000e\000r}{}% 33
